  DataManager.cpp
c:\bit\code\bit58\bit58\pro58\docfastsearchtool\docfastsearchtool\sysutil.h(57): warning C4996: 'strerror': This function or variable may be unsafe. Consider using strerror_s instead. To disable deprecation, use _CRT_SECURE_NO_WARNINGS. See online help for details.
          c:\program files (x86)\microsoft visual studio 12.0\vc\include\string.h(168) : 参见“strerror”的声明
c:\bit\code\bit58\bit58\pro58\docfastsearchtool\docfastsearchtool\datamanager.cpp(118): warning C4996: 'sprintf': This function or variable may be unsafe. Consider using sprintf_s instead. To disable deprecation, use _CRT_SECURE_NO_WARNINGS. See online help for details.
          c:\program files (x86)\microsoft visual studio 12.0\vc\include\stdio.h(356) : 参见“sprintf”的声明
c:\bit\code\bit58\bit58\pro58\docfastsearchtool\docfastsearchtool\datamanager.cpp(130): warning C4996: 'sprintf': This function or variable may be unsafe. Consider using sprintf_s instead. To disable deprecation, use _CRT_SECURE_NO_WARNINGS. See online help for details.
          c:\program files (x86)\microsoft visual studio 12.0\vc\include\stdio.h(356) : 参见“sprintf”的声明
c:\bit\code\bit58\bit58\pro58\docfastsearchtool\docfastsearchtool\datamanager.cpp(137): warning C4996: 'sprintf': This function or variable may be unsafe. Consider using sprintf_s instead. To disable deprecation, use _CRT_SECURE_NO_WARNINGS. See online help for details.
          c:\program files (x86)\microsoft visual studio 12.0\vc\include\stdio.h(356) : 参见“sprintf”的声明
c:\bit\code\bit58\bit58\pro58\docfastsearchtool\docfastsearchtool\datamanager.cpp(147): warning C4996: 'sprintf': This function or variable may be unsafe. Consider using sprintf_s instead. To disable deprecation, use _CRT_SECURE_NO_WARNINGS. See online help for details.
          c:\program files (x86)\microsoft visual studio 12.0\vc\include\stdio.h(356) : 参见“sprintf”的声明
c:\bit\code\bit58\bit58\pro58\docfastsearchtool\docfastsearchtool\datamanager.cpp(157): warning C4996: 'sprintf': This function or variable may be unsafe. Consider using sprintf_s instead. To disable deprecation, use _CRT_SECURE_NO_WARNINGS. See online help for details.
          c:\program files (x86)\microsoft visual studio 12.0\vc\include\stdio.h(356) : 参见“sprintf”的声明
c:\bit\code\bit58\bit58\pro58\docfastsearchtool\docfastsearchtool\datamanager.cpp(180): warning C4996: 'sprintf': This function or variable may be unsafe. Consider using sprintf_s instead. To disable deprecation, use _CRT_SECURE_NO_WARNINGS. See online help for details.
          c:\program files (x86)\microsoft visual studio 12.0\vc\include\stdio.h(356) : 参见“sprintf”的声明
  正在生成代码...
  正在编译...
  Sysutil.cpp
c:\bit\code\bit58\bit58\pro58\docfastsearchtool\docfastsearchtool\sysutil.h(57): warning C4996: 'strerror': This function or variable may be unsafe. Consider using strerror_s instead. To disable deprecation, use _CRT_SECURE_NO_WARNINGS. See online help for details.
          c:\program files (x86)\microsoft visual studio 12.0\vc\include\string.h(168) : 参见“strerror”的声明
c:\bit\code\bit58\bit58\pro58\docfastsearchtool\docfastsearchtool\sysutil.cpp(291): warning C4018: “<”: 有符号/无符号不匹配
  ScanManager.cpp
c:\bit\code\bit58\bit58\pro58\docfastsearchtool\docfastsearchtool\sysutil.h(57): warning C4996: 'strerror': This function or variable may be unsafe. Consider using strerror_s instead. To disable deprecation, use _CRT_SECURE_NO_WARNINGS. See online help for details.
          c:\program files (x86)\microsoft visual studio 12.0\vc\include\string.h(168) : 参见“strerror”的声明
  DocFastSearchTool.cpp
c:\bit\code\bit58\bit58\pro58\docfastsearchtool\docfastsearchtool\sysutil.h(57): warning C4996: 'strerror': This function or variable may be unsafe. Consider using strerror_s instead. To disable deprecation, use _CRT_SECURE_NO_WARNINGS. See online help for details.
          c:\program files (x86)\microsoft visual studio 12.0\vc\include\string.h(168) : 参见“strerror”的声明
  正在生成代码...
  DocFastSearchTool.vcxproj -> C:\Bit\Code\bit58\bit58\Pro58\DocFastSearchTool\Debug\DocFastSearchTool.exe
